SF:lib/src/data/app_error.dart
DA:7,3
DA:25,1
DA:29,1
DA:35,1
DA:36,1
DA:37,3
DA:39,1
DA:40,1
DA:41,1
DA:44,1
DA:47,1
DA:48,2
DA:49,1
DA:52,1
DA:53,1
DA:54,1
DA:55,1
DA:56,1
DA:57,0
DA:58,0
DA:59,0
DA:62,3
DA:63,2
DA:64,0
DA:65,0
DA:73,1
DA:79,2
DA:90,1
DA:93,1
DA:96,0
DA:97,0
DA:99,0
LF:32
LH:24
end_of_record
SF:lib/src/data/model/movie_db_error_data_model.dart
DA:15,1
DA:17,2
DA:19,0
DA:20,0
DA:22,0
DA:27,2
DA:28,1
DA:29,1
LF:8
LH:5
end_of_record
SF:lib/src/data/model/movie_db_error_data_model.g.dart
DA:9,1
DA:11,1
DA:14,1
DA:15,1
DA:16,2
DA:17,2
LF:6
LH:6
end_of_record
SF:lib/src/data/model/error_data_model.dart
DA:12,1
DA:14,0
DA:16,0
DA:17,0
DA:19,0
LF:5
LH:1
end_of_record
SF:lib/src/data/model/error_data_model.g.dart
DA:9,0
DA:10,0
DA:13,0
DA:14,0
DA:15,0
DA:16,0
LF:6
LH:0
end_of_record
SF:lib/src/domain/usecase/movie/fetch_movies_usecase.dart
DA:10,1
DA:12,0
DA:14,1
DA:16,5
DA:20,2
DA:23,0
DA:24,0
DA:27,1
DA:29,1
DA:32,0
DA:35,0
LF:11
LH:6
end_of_record
SF:lib/src/data/model/movie_info_data_model.dart
DA:50,0
LF:1
LH:0
end_of_record
SF:lib/src/data/model/movie_info_data_model.g.dart
DA:9,0
DA:11,0
DA:12,0
DA:13,0
DA:14,0
DA:16,0
DA:17,0
DA:18,0
DA:19,0
DA:20,0
DA:21,0
DA:22,0
DA:23,0
DA:24,0
DA:25,0
DA:26,0
DA:27,0
DA:28,0
DA:29,0
DA:30,0
DA:31,0
DA:32,0
DA:33,0
DA:34,0
DA:35,0
DA:36,0
DA:37,0
DA:38,0
DA:39,0
DA:40,0
DA:41,0
DA:42,0
DA:43,0
DA:44,0
DA:45,0
DA:46,0
DA:47,0
DA:50,0
DA:52,0
DA:53,0
DA:54,0
DA:55,0
DA:56,0
DA:57,0
DA:58,0
DA:59,0
DA:60,0
DA:61,0
DA:62,0
DA:63,0
DA:64,0
DA:65,0
DA:66,0
DA:67,0
DA:68,0
DA:69,0
DA:70,0
DA:71,0
DA:72,0
DA:73,0
DA:74,0
DA:75,0
DA:76,0
DA:77,0
LF:64
LH:0
end_of_record
SF:lib/src/data/model/movie_image_data_model.dart
DA:12,0
DA:14,0
DA:16,0
DA:17,0
DA:19,0
LF:5
LH:0
end_of_record
SF:lib/src/data/model/movie_image_data_model.g.dart
DA:9,0
DA:10,0
DA:13,0
DA:14,0
DA:15,0
DA:17,0
DA:18,0
DA:19,0
DA:20,0
DA:21,0
DA:23,0
DA:24,0
DA:25,0
DA:26,0
LF:14
LH:0
end_of_record
SF:lib/src/data/model/collection_data_model.dart
DA:18,0
LF:1
LH:0
end_of_record
SF:lib/src/data/model/collection_data_model.g.dart
DA:9,0
DA:11,0
DA:12,0
DA:13,0
DA:14,0
DA:15,0
DA:18,0
DA:20,0
DA:21,0
DA:22,0
DA:23,0
DA:24,0
LF:12
LH:0
end_of_record
SF:lib/src/data/model/company_data_model.dart
DA:18,0
LF:1
LH:0
end_of_record
SF:lib/src/data/model/company_data_model.g.dart
DA:9,0
DA:10,0
DA:11,0
DA:12,0
DA:13,0
DA:14,0
DA:17,0
DA:18,0
DA:19,0
DA:20,0
DA:21,0
DA:22,0
LF:12
LH:0
end_of_record
SF:lib/src/data/model/country_data_model.dart
DA:16,0
LF:1
LH:0
end_of_record
SF:lib/src/data/model/country_data_model.g.dart
DA:9,0
DA:10,0
DA:11,0
DA:12,0
DA:15,0
DA:16,0
DA:17,0
DA:18,0
LF:8
LH:0
end_of_record
SF:lib/src/data/model/genre_data_model.dart
DA:10,0
LF:1
LH:0
end_of_record
SF:lib/src/data/model/genre_data_model.g.dart
DA:9,0
DA:10,0
DA:11,0
DA:12,0
DA:15,0
DA:16,0
DA:17,0
DA:18,0
LF:8
LH:0
end_of_record
SF:lib/src/data/model/image_data_model.dart
DA:22,0
LF:1
LH:0
end_of_record
SF:lib/src/data/model/image_data_model.g.dart
DA:9,0
DA:10,0
DA:11,0
DA:12,0
DA:13,0
DA:14,0
DA:15,0
DA:16,0
DA:19,0
DA:20,0
DA:21,0
DA:22,0
DA:23,0
DA:24,0
DA:25,0
DA:26,0
LF:16
LH:0
end_of_record
SF:lib/src/data/model/language_data_model.dart
DA:17,0
LF:1
LH:0
end_of_record
SF:lib/src/data/model/language_data_model.g.dart
DA:9,0
DA:10,0
DA:11,0
DA:12,0
DA:13,0
DA:16,0
DA:18,0
DA:19,0
DA:20,0
DA:21,0
LF:10
LH:0
end_of_record
SF:lib/src/data/model/movie_data_model.dart
DA:40,2
DA:57,0
DA:59,0
DA:60,0
DA:61,0
DA:62,0
DA:63,0
DA:64,0
DA:65,0
DA:66,0
DA:67,0
DA:68,0
DA:69,0
DA:70,0
DA:71,0
DA:72,0
DA:73,0
DA:74,0
DA:77,0
LF:19
LH:1
end_of_record
SF:lib/src/data/model/movie_data_model.g.dart
DA:9,0
DA:10,0
DA:13,0
DA:14,0
DA:15,0
DA:16,0
DA:17,0
DA:19,0
DA:20,0
DA:22,0
DA:23,0
DA:25,0
DA:26,0
DA:27,0
DA:28,0
DA:29,0
DA:30,0
DA:31,0
DA:32,0
LF:19
LH:0
end_of_record
SF:lib/src/data/model/token_data_model.dart
DA:11,0
DA:13,0
DA:15,0
DA:16,0
DA:18,0
LF:5
LH:0
end_of_record
SF:lib/src/data/model/token_data_model.g.dart
DA:9,0
DA:10,0
DA:13,0
DA:14,0
DA:15,0
LF:5
LH:0
end_of_record
SF:lib/src/data/model/user_data_model.dart
DA:14,0
LF:1
LH:0
end_of_record
SF:lib/src/data/model/user_data_model.g.dart
DA:9,0
DA:10,0
DA:11,0
DA:12,0
DA:15,0
DA:16,0
DA:17,0
DA:18,0
LF:8
LH:0
end_of_record
SF:lib/src/domain/usecase/usecase.dart
DA:9,0
LF:1
LH:0
end_of_record
SF:lib/src/domain/exception/on_page_exception.dart
DA:5,2
LF:1
LH:1
end_of_record
SF:lib/src/presentation/model/movie_view_data_model.dart
DA:12,1
DA:16,1
DA:18,1
DA:19,1
DA:20,1
DA:21,1
DA:22,2
DA:23,2
LF:8
LH:8
end_of_record
SF:lib/src/presentation/ui/home/home_view_model.dart
DA:13,2
DA:17,2
DA:21,2
DA:25,2
DA:27,1
DA:29,0
DA:30,1
DA:31,1
DA:32,1
DA:33,1
DA:36,1
DA:39,1
DA:40,0
DA:43,1
DA:44,0
DA:47,1
DA:48,0
DA:51,1
DA:52,1
DA:58,1
DA:62,3
DA:64,1
DA:65,6
DA:68,1
DA:69,6
DA:72,1
DA:73,6
DA:76,1
DA:77,6
DA:83,1
DA:84,1
DA:86,1
DA:88,1
DA:89,0
DA:92,1
DA:93,0
DA:96,1
DA:97,0
DA:100,1
DA:101,2
DA:109,1
LF:41
LH:34
end_of_record
SF:lib/src/domain/annotation/exception_type.dart
DA:1,1
LF:1
LH:1
end_of_record
SF:lib/src/domain/annotation/redirect.dart
DA:1,1
LF:1
LH:1
end_of_record
SF:lib/src/domain/exception/alert_exception.dart
DA:6,0
LF:1
LH:0
end_of_record
SF:lib/src/domain/exception/base_exception.dart
DA:8,1
LF:1
LH:1
end_of_record
SF:lib/src/domain/exception/dialog_exception.dart
DA:8,0
LF:1
LH:0
end_of_record
SF:lib/src/domain/model/dialog.dart
DA:13,0
LF:1
LH:0
end_of_record
SF:lib/src/domain/exception/inline_exception.dart
DA:8,0
LF:1
LH:0
end_of_record
SF:lib/src/domain/model/tag.dart
DA:5,0
LF:1
LH:0
end_of_record
SF:lib/src/domain/exception/redirect_exception.dart
DA:9,0
DA:14,0
LF:2
LH:0
end_of_record
SF:lib/src/domain/model/action.dart
DA:1,1
LF:1
LH:1
end_of_record
SF:lib/src/presentation/base/base_view_model.dart
DA:19,0
DA:23,0
DA:27,0
DA:31,0
DA:35,0
DA:39,0
DA:43,0
DA:45,1
DA:46,1
DA:47,1
DA:48,1
DA:49,0
DA:52,1
DA:53,0
DA:56,1
DA:57,0
DA:60,1
DA:62,0
DA:65,1
DA:67,0
DA:70,1
DA:71,0
DA:74,1
DA:75,3
DA:79,0
LF:25
LH:11
end_of_record
SF:lib/src/presentation/model/pair.dart
DA:2,0
DA:7,0
DA:8,0
LF:3
LH:0
end_of_record
SF:lib/src/presentation/model/single_observer.dart
DA:6,1
DA:8,0
DA:10,0
DA:11,0
DA:13,0
DA:14,0
DA:17,1
DA:18,1
DA:19,1
LF:9
LH:4
end_of_record
SF:lib/src/presentation/base/model_item_mapper.dart
DA:4,0
LF:1
LH:0
end_of_record
